[debug] [2018-04-20T06:14:07.618Z] ----------------------------------------------------------------------
[debug] [2018-04-20T06:14:07.620Z] Command:       C:\Program Files\nodejs\node.exe C:\Users\Jinster\AppData\Roaming\npm\node_modules\firebase-tools\bin\firebase deploy
[debug] [2018-04-20T06:14:07.620Z] CLI Version:   3.18.4
[debug] [2018-04-20T06:14:07.620Z] Platform:      win32
[debug] [2018-04-20T06:14:07.620Z] Node Version:  v6.11.3
[debug] [2018-04-20T06:14:07.621Z] Time:          Fri Apr 20 2018 14:14:07 GMT+0800 (Malay Peninsula Standard Time)
[debug] [2018-04-20T06:14:07.621Z] ----------------------------------------------------------------------
[debug] 
[debug] [2018-04-20T06:14:07.631Z] > command requires scopes: ["email","openid","https://www.googleapis.com/auth/cloudplatformprojects.readonly","https://www.googleapis.com/auth/firebase","https://www.googleapis.com/auth/cloud-platform"]
[debug] [2018-04-20T06:14:07.631Z] > authorizing via signed-in user
[debug] [2018-04-20T06:14:07.633Z] >>> HTTP REQUEST GET https://admin.firebase.com/v1/projects/dashboard-10955  
  
 Fri Apr 20 2018 14:14:07 GMT+0800 (Malay Peninsula Standard Time)
[debug] [2018-04-20T06:14:08.737Z] <<< HTTP RESPONSE 200
[debug] [2018-04-20T06:14:08.738Z] >>> HTTP REQUEST GET https://admin.firebase.com/v1/database/dashboard-10955/tokens  
  
 Fri Apr 20 2018 14:14:08 GMT+0800 (Malay Peninsula Standard Time)
[debug] [2018-04-20T06:14:09.561Z] <<< HTTP RESPONSE 200
[info] 
[info] === Deploying to 'dashboard-10955'...
[info] 
[info] i  deploying hosting
[info] i  hosting: preparing build directory for upload...
[debug] [2018-04-20T06:14:11.454Z] >>> HTTP REQUEST PUT https://deploy.firebase.com/v1/hosting/dashboard-10955/uploads/-LAWg3htpqpHQl8v_wkk?fileCount=22&message=  
  
 Fri Apr 20 2018 14:14:11 GMT+0800 (Malay Peninsula Standard Time)
